2019-07-22 00:18:35,174 ERROR: Exception on /showascategory/computer [GET] [in /home/liuliu/Documents/chaoqun_shopping_web/env/lib/python3.7/site-packages/flask/app.py:1761]
Traceback (most recent call last):
  File "/home/liuliu/Documents/chaoqun_shopping_web/env/lib/python3.7/site-packages/flask/app.py", line 2292, in wsgi_app
    response = self.full_dispatch_request()
  File "/home/liuliu/Documents/chaoqun_shopping_web/env/lib/python3.7/site-packages/flask/app.py", line 1815, in full_dispatch_request
    rv = self.handle_user_exception(e)
  File "/home/liuliu/Documents/chaoqun_shopping_web/env/lib/python3.7/site-packages/flask/app.py", line 1718, in handle_user_exception
    reraise(exc_type, exc_value, tb)
  File "/home/liuliu/Documents/chaoqun_shopping_web/env/lib/python3.7/site-packages/flask/_compat.py", line 35, in reraise
    raise value
  File "/home/liuliu/Documents/chaoqun_shopping_web/env/lib/python3.7/site-packages/flask/app.py", line 1813, in full_dispatch_request
    rv = self.dispatch_request()
  File "/home/liuliu/Documents/chaoqun_shopping_web/env/lib/python3.7/site-packages/flask/app.py", line 1799, in dispatch_request
    return self.view_functions[rule.endpoint](**req.view_args)
  File "/home/liuliu/Downloads/FlaskApp_after_sju/FlaskApp/__init__.py", line 423, in showascategory
    posts = Products.query.filter_by(category=categoryname).all().order_by(Products.name.asc()).paginate(
AttributeError: 'list' object has no attribute 'order_by'
2019-07-22 00:18:45,258 ERROR: Exception on /showascategory/computer [GET] [in /home/liuliu/Documents/chaoqun_shopping_web/env/lib/python3.7/site-packages/flask/app.py:1761]
Traceback (most recent call last):
  File "/home/liuliu/Documents/chaoqun_shopping_web/env/lib/python3.7/site-packages/flask/app.py", line 2292, in wsgi_app
    response = self.full_dispatch_request()
  File "/home/liuliu/Documents/chaoqun_shopping_web/env/lib/python3.7/site-packages/flask/app.py", line 1815, in full_dispatch_request
    rv = self.handle_user_exception(e)
  File "/home/liuliu/Documents/chaoqun_shopping_web/env/lib/python3.7/site-packages/flask/app.py", line 1718, in handle_user_exception
    reraise(exc_type, exc_value, tb)
  File "/home/liuliu/Documents/chaoqun_shopping_web/env/lib/python3.7/site-packages/flask/_compat.py", line 35, in reraise
    raise value
  File "/home/liuliu/Documents/chaoqun_shopping_web/env/lib/python3.7/site-packages/flask/app.py", line 1813, in full_dispatch_request
    rv = self.dispatch_request()
  File "/home/liuliu/Documents/chaoqun_shopping_web/env/lib/python3.7/site-packages/flask/app.py", line 1799, in dispatch_request
    return self.view_functions[rule.endpoint](**req.view_args)
  File "/home/liuliu/Downloads/FlaskApp_after_sju/FlaskApp/__init__.py", line 423, in showascategory
    posts = Products.query.filter_by(category=categoryname).all().order_by(Products.name.asc()).paginate(
AttributeError: 'list' object has no attribute 'order_by'
2019-07-22 00:19:07,358 INFO: cshopperstore [in /home/liuliu/Downloads/FlaskApp_after_sju/FlaskApp/__init__.py:112]
2019-07-22 00:19:47,873 INFO: cshopperstore [in /home/liuliu/Downloads/FlaskApp_after_sju/FlaskApp/__init__.py:112]
2019-07-22 00:20:26,877 INFO: cshopperstore [in /home/liuliu/Downloads/FlaskApp_after_sju/FlaskApp/__init__.py:112]
2019-07-22 00:22:55,417 INFO: cshopperstore [in /home/liuliu/Downloads/FlaskApp_after_sju/FlaskApp/__init__.py:112]
2019-07-22 00:25:37,364 INFO: cshopperstore [in /home/liuliu/Downloads/FlaskApp_after_sju/FlaskApp/__init__.py:112]
2019-07-22 00:25:56,232 INFO: cshopperstore [in /home/liuliu/Downloads/FlaskApp_after_sju/FlaskApp/__init__.py:112]
2019-07-22 00:27:38,972 INFO: cshopperstore [in /home/liuliu/Downloads/FlaskApp_after_sju/FlaskApp/__init__.py:112]
2019-07-22 00:28:12,929 INFO: cshopperstore [in /home/liuliu/Downloads/FlaskApp_after_sju/FlaskApp/__init__.py:112]
2019-07-22 00:30:28,622 INFO: cshopperstore [in /home/liuliu/Downloads/FlaskApp_after_sju/FlaskApp/__init__.py:112]
2019-07-22 00:38:34,462 INFO: cshopperstore [in /home/liuliu/Downloads/FlaskApp_after_sju/FlaskApp/__init__.py:112]
2019-07-22 00:39:19,207 INFO: cshopperstore [in /home/liuliu/Downloads/FlaskApp_after_sju/FlaskApp/__init__.py:112]
2019-07-22 00:39:37,554 INFO: cshopperstore [in /home/liuliu/Downloads/FlaskApp_after_sju/FlaskApp/__init__.py:112]
2019-07-22 00:39:53,521 INFO: cshopperstore [in /home/liuliu/Downloads/FlaskApp_after_sju/FlaskApp/__init__.py:112]
2019-07-22 00:40:24,069 INFO: cshopperstore [in /home/liuliu/Downloads/FlaskApp_after_sju/FlaskApp/__init__.py:112]
2019-07-22 00:42:13,330 INFO: cshopperstore [in /home/liuliu/Downloads/FlaskApp_after_sju/FlaskApp/__init__.py:112]
